0 info it worked if it ends with ok
1 verbose cli [ '/usr/local/bin/node', '/usr/local/bin/npm', 'start' ]
2 info using npm@3.10.10
3 info using node@v6.10.3
4 verbose run-script [ 'prestart', 'start', 'poststart' ]
5 info lifecycle dojo-blog@0.1.0~prestart: dojo-blog@0.1.0
6 silly lifecycle dojo-blog@0.1.0~prestart: no script for prestart, continuing
7 info lifecycle dojo-blog@0.1.0~start: dojo-blog@0.1.0
8 verbose lifecycle dojo-blog@0.1.0~start: unsafe-perm in lifecycle true
9 verbose lifecycle dojo-blog@0.1.0~start: PATH: /usr/local/lib/node_modules/npm/bin/node-gyp-bin:/Users/ab/Desktop/school/Complete-React-Tutorial-lesson-32/dojo-blog/node_modules/.bin:/Users/ab/Downloads/google-cloud-sdk/bin:/usr/local/Cellar/mongodb-community/6.0.6/bin:/Users/ab/opt/anaconda3/bin:/Users/ab/opt/anaconda3/condabin:/Library/Frameworks/Python.framework/Versions/3.10/bin:/Library/Frameworks/Python.framework/Versions/3.9/bin:/usr/local/bin:/usr/bin:/bin:/usr/sbin:/sbin:/usr/local/share/dotnet:/Users/ab/.dotnet/tools:/Library/Frameworks/Mono.framework/Versions/Current/Commands:/Users/ab/Desktop/nand2tetris/tools
10 verbose lifecycle dojo-blog@0.1.0~start: CWD: /Users/ab/Desktop/school/Complete-React-Tutorial-lesson-32/dojo-blog
11 silly lifecycle dojo-blog@0.1.0~start: Args: [ '-c', 'react-scripts start' ]
12 silly lifecycle dojo-blog@0.1.0~start: Returned: code: 1  signal: null
13 info lifecycle dojo-blog@0.1.0~start: Failed to exec start script
14 verbose stack Error: dojo-blog@0.1.0 start: `react-scripts start`
14 verbose stack Exit status 1
14 verbose stack     at EventEmitter.<anonymous> (/usr/local/lib/node_modules/npm/lib/utils/lifecycle.js:255:16)
14 verbose stack     at emitTwo (events.js:106:13)
14 verbose stack     at EventEmitter.emit (events.js:191:7)
14 verbose stack     at ChildProcess.<anonymous> (/usr/local/lib/node_modules/npm/lib/utils/spawn.js:40:14)
14 verbose stack     at emitTwo (events.js:106:13)
14 verbose stack     at ChildProcess.emit (events.js:191:7)
14 verbose stack     at maybeClose (internal/child_process.js:886:16)
14 verbose stack     at Process.ChildProcess._handle.onexit (internal/child_process.js:226:5)
15 verbose pkgid dojo-blog@0.1.0
16 verbose cwd /Users/ab/Desktop/school/Complete-React-Tutorial-lesson-32/dojo-blog
17 error Darwin 23.1.0
18 error argv "/usr/local/bin/node" "/usr/local/bin/npm" "start"
19 error node v6.10.3
20 error npm  v3.10.10
21 error code ELIFECYCLE
22 error dojo-blog@0.1.0 start: `react-scripts start`
22 error Exit status 1
23 error Failed at the dojo-blog@0.1.0 start script 'react-scripts start'.
23 error Make sure you have the latest version of node.js and npm installed.
23 error If you do, this is most likely a problem with the dojo-blog package,
23 error not with npm itself.
23 error Tell the author that this fails on your system:
23 error     react-scripts start
23 error You can get information on how to open an issue for this project with:
23 error     npm bugs dojo-blog
23 error Or if that isn't available, you can get their info via:
23 error     npm owner ls dojo-blog
23 error There is likely additional logging output above.
24 verbose exit [ 1, true ]
